#
# There is insufficient memory for the Java Runtime Environment to continue.
# Native memory allocation (mmap) failed to map 268435456 bytes for Failed to commit area from 0x0000000700c00000 to 0x0000000710c00000 of length 268435456.
# Possible reasons:
#   The system is out of physical RAM or swap space
#   The process is running with CompressedOops enabled, and the Java Heap may be blocking the growth of the native heap
# Possible solutions:
#   Reduce memory load on the system
#   Increase physical memory or swap space
#   Check if swap backing store is full
#   Decrease Java heap size (-Xmx/-Xms)
#   Decrease number of Java threads
#   Decrease Java thread stack sizes (-Xss)
#   Set larger code cache with -XX:ReservedCodeCacheSize=
# This output file may be truncated or incomplete.
#
#  Out of Memory Error (./src/hotspot/os/windows/os_windows.cpp:3301), pid=22248, tid=24516
#
# JRE version:  (11.0.10+9) (build )
# Java VM: OpenJDK 64-Bit Server VM (11.0.10+9, mixed mode, sharing, tiered, compressed oops, g1 gc, windows-amd64)
# No core dump will be written. Minidumps are not enabled by default on client versions of Windows
#

---------------  S U M M A R Y ------------

Command Line: -Dfile.encoding=Cp1252 Third

Host: Intel(R) Core(TM) i5-8400 CPU @ 2.80GHz, 6 cores, 15G,  Windows 10 , 64 bit Build 19041 (10.0.19041.1023)
Time: Sun Jun 27 23:53:50 2021 W. Europe Daylight Time elapsed time: 0.009400 seconds (0d 0h 0m 0s)

---------------  T H R E A D  ---------------

Current thread (0x0000026162d16000):  JavaThread "Unknown thread" [_thread_in_vm, id=24516, stack(0x000000df35000000,0x000000df35100000)]

Stack: [0x000000df35000000,0x000000df35100000]
Native frames: (J=compiled Java code, j=interpreted, Vv=VM code, C=native code)
V  [jvm.dll+0x5f35ea]
V  [jvm.dll+0x77c65e]
V  [jvm.dll+0x77dd2f]
V  [jvm.dll+0x77e3f3]
V  [jvm.dll+0x246c38]
V  [jvm.dll+0x5f079a]
V  [jvm.dll+0x5e53c5]
V  [jvm.dll+0x2fba4c]
V  [jvm.dll+0x2fb8d2]
V  [jvm.dll+0x300586]
V  [jvm.dll+0x344cff]
V  [jvm.dll+0x344730]
V  [jvm.dll+0x2d8cb8]
V  [jvm.dll+0x2d9e06]
V  [jvm.dll+0x757c77]
V  [jvm.dll+0x7593ff]
V  [jvm.dll+0x351a59]
V  [jvm.dll+0x73aea0]
V  [jvm.dll+0x3b929f]
V  [jvm.dll+0x3bb7a1]
C  [jli.dll+0x520b]
C  [ucrtbase.dll+0x21bb2]
C  [KERNEL32.DLL+0x17034]
C  [ntdll.dll+0x52651]


---------------  P R O C E S S  ---------------

Threads class SMR info:
_java_thread_list=0x0000026161370a60, length=0, elements={
}

Java Threads: ( => current thread )

Other Threads:
  0x0000026162d2e000 GCTaskThread "GC Thread#0" [stack: 0x000000df35100000,0x000000df35200000] [id=19936]
  0x0000026162d8e000 ConcurrentGCThread "G1 Main Marker" [stack: 0x000000df35200000,0x000000df35300000] [id=19276]
  0x0000026162d90800 ConcurrentGCThread "G1 Conc#0" [stack: 0x000000df35300000,0x000000df35400000] [id=7160]

[error occurred during error reporting (printing all threads), id 0xc0000005, EXCEPTION_ACCESS_VIOLATION (0xc0000005) at pc=0x00007ffbbefb8337]

VM state:not at safepoint (not fully initialized)

VM Mutex/Monitor currently owned by a thread:  ([mutex/lock_event])
[0x0000026162d12150] Heap_lock - owner thread: 0x0000026162d16000

Heap address: 0x0000000700c00000, size: 4084 MB, Compressed Oops mode: Non-zero based: 0x0000000700c00000
Narrow klass base: 0x0000000000000000, Narrow klass shift: 0

GC Heap History (0 events):
No events

Deoptimization events (0 events):
No events

Classes redefined (0 events):
No events

Internal exceptions (0 events):
No events

Events (1 events):
Event: 0.006 Loaded shared library C:\Program Files\AdoptOpenJDK\jdk-11.0.10.9-hotspot\bin\zip.dll


Dynamic libraries:
0x00007ff619510000 - 0x00007ff61951d000 	C:\Program Files\AdoptOpenJDK\jdk-11.0.10.9-hotspot\bin\javaw.exe
0x00007ffbf95b0000 - 0x00007ffbf97a5000 	C:\WINDOWS\SYSTEM32\ntdll.dll
0x00007ffbf8640000 - 0x00007ffbf86fd000 	C:\WINDOWS\System32\KERNEL32.DLL
0x00007ffbf6cc0000 - 0x00007ffbf6f88000 	C:\WINDOWS\System32\KERNELBASE.dll
0x00007ffbf7400000 - 0x00007ffbf7500000 	C:\WINDOWS\System32\ucrtbase.dll
0x00007ffbddc10000 - 0x00007ffbddc25000 	C:\Program Files\AdoptOpenJDK\jdk-11.0.10.9-hotspot\bin\VCRUNTIME140.dll
0x00007ffbddd30000 - 0x00007ffbddd47000 	C:\Program Files\AdoptOpenJDK\jdk-11.0.10.9-hotspot\bin\jli.dll
0x00007ffbf8c10000 - 0x00007ffbf8db0000 	C:\WINDOWS\System32\USER32.dll
0x00007ffbf7370000 - 0x00007ffbf7392000 	C:\WINDOWS\System32\win32u.dll
0x00007ffbe6830000 - 0x00007ffbe6aca000 	C:\WINDOWS\WinSxS\amd64_microsoft.windows.common-controls_6595b64144ccf1df_6.0.19041.1052_none_60b8f8fd71f5e8cb\COMCTL32.dll
0x00007ffbf8db0000 - 0x00007ffbf8e4e000 	C:\WINDOWS\System32\msvcrt.dll
0x00007ffbf8450000 - 0x00007ffbf847a000 	C:\WINDOWS\System32\GDI32.dll
0x00007ffbf7040000 - 0x00007ffbf714b000 	C:\WINDOWS\System32\gdi32full.dll
0x00007ffbf7550000 - 0x00007ffbf75ed000 	C:\WINDOWS\System32\msvcp_win.dll
0x00007ffbf8480000 - 0x00007ffbf84b0000 	C:\WINDOWS\System32\IMM32.DLL
0x00007ffbdcd80000 - 0x00007ffbdce1b000 	C:\Program Files\AdoptOpenJDK\jdk-11.0.10.9-hotspot\bin\msvcp140.dll
0x00007ffbbecd0000 - 0x00007ffbbf813000 	C:\Program Files\AdoptOpenJDK\jdk-11.0.10.9-hotspot\bin\server\jvm.dll
0x00007ffbf7eb0000 - 0x00007ffbf7f5c000 	C:\WINDOWS\System32\ADVAPI32.dll
0x00007ffbf8810000 - 0x00007ffbf88ab000 	C:\WINDOWS\System32\sechost.dll
0x00007ffbf9280000 - 0x00007ffbf93ab000 	C:\WINDOWS\System32\RPCRT4.dll
0x00007ffbf8e50000 - 0x00007ffbf8e58000 	C:\WINDOWS\System32\PSAPI.DLL
0x00007ffbf2a10000 - 0x00007ffbf2a19000 	C:\WINDOWS\SYSTEM32\WSOCK32.dll
0x00007ffbe7960000 - 0x00007ffbe7987000 	C:\WINDOWS\SYSTEM32\WINMM.dll
0x00007ffbf2a30000 - 0x00007ffbf2a3a000 	C:\WINDOWS\SYSTEM32\VERSION.dll
0x00007ffbf84b0000 - 0x00007ffbf851b000 	C:\WINDOWS\System32\WS2_32.dll
0x00007ffbf4c30000 - 0x00007ffbf4c42000 	C:\WINDOWS\SYSTEM32\kernel.appcore.dll
0x00007ffbf2a20000 - 0x00007ffbf2a30000 	C:\Program Files\AdoptOpenJDK\jdk-11.0.10.9-hotspot\bin\verify.dll
0x00007ffbefc90000 - 0x00007ffbefe74000 	C:\WINDOWS\SYSTEM32\DBGHELP.DLL
0x00007ffbefb40000 - 0x00007ffbefb6c000 	C:\WINDOWS\SYSTEM32\dbgcore.DLL
0x00007ffbf72e0000 - 0x00007ffbf7363000 	C:\WINDOWS\System32\bcryptPrimitives.dll
0x00007ffbe5a20000 - 0x00007ffbe5a48000 	C:\Program Files\AdoptOpenJDK\jdk-11.0.10.9-hotspot\bin\java.dll
0x00007ffbf2800000 - 0x00007ffbf280a000 	C:\Program Files\AdoptOpenJDK\jdk-11.0.10.9-hotspot\bin\jimage.dll
0x00007ffbf2070000 - 0x00007ffbf2087000 	C:\Program Files\AdoptOpenJDK\jdk-11.0.10.9-hotspot\bin\zip.dll

dbghelp: loaded successfully - version: 4.0.5 - missing functions: none
symbol engine: initialized successfully - sym options: 0x614 - pdb path: .;C:\Program Files\AdoptOpenJDK\jdk-11.0.10.9-hotspot\bin;C:\WINDOWS\SYSTEM32;C:\WINDOWS\WinSxS\amd64_microsoft.windows.common-controls_6595b64144ccf1df_6.0.19041.1052_none_60b8f8fd71f5e8cb;C:\Program Files\AdoptOpenJDK\jdk-11.0.10.9-hotspot\bin\server

VM Arguments:
jvm_args: -Dfile.encoding=Cp1252 
java_command: Third
java_class_path (initial): F:\User Files\Nina\eclipse-workspace\RecursiveTriangles\bin
Launcher Type: SUN_STANDARD

[Global flags]
     intx CICompilerCount                          = 3                                         {product} {ergonomic}
     uint ConcGCThreads                            = 2                                         {product} {ergonomic}
     uint G1ConcRefinementThreads                  = 6                                         {product} {ergonomic}
   size_t G1HeapRegionSize                         = 1048576                                   {product} {ergonomic}
    uintx GCDrainStackTargetSize                   = 64                                        {product} {ergonomic}
   size_t InitialHeapSize                          = 268435456                                 {product} {ergonomic}
   size_t MarkStackSize                            = 4194304                                   {product} {ergonomic}
   size_t MaxHeapSize                              = 4282384384                                {product} {ergonomic}
   size_t MinHeapDeltaBytes                        = 1048576                                   {product} {ergonomic}
    uintx NonNMethodCodeHeapSize                   = 5830732                                {pd product} {ergonomic}
    uintx NonProfiledCodeHeapSize                  = 122913754                              {pd product} {ergonomic}
    uintx ProfiledCodeHeapSize                     = 122913754                              {pd product} {ergonomic}
    uintx ReservedCodeCacheSize                    = 251658240                              {pd product} {ergonomic}
     bool SegmentedCodeCache                       = true                                      {product} {ergonomic}
     bool UseCompressedClassPointers               = true                                 {lp64_product} {ergonomic}
     bool UseCompressedOops                        = true                                 {lp64_product} {ergonomic}
     bool UseG1GC                                  = true                                      {product} {ergonomic}
     bool UseLargePagesIndividualAllocation        = false                                  {pd product} {ergonomic}

Logging:
Log output configuration:
 #0: stdout all=warning uptime,level,tags
 #1: stderr all=off uptime,level,tags

Environment Variables:
JAVA_HOME=C:\Program Files\AdoptOpenJDK\jdk-11.0.10.9-hotspot\
PATH=C:/Program Files/AdoptOpenJDK/jdk-11.0.10.9-hotspot/bin/client;C:/Program Files/AdoptOpenJDK/jdk-11.0.10.9-hotspot/bin;C:\Program Files\AdoptOpenJDK\jdk-11.0.10.9-hotspot\bin;C:\Program Files (x86)\Common Files\Oracle\Java\javapath;C:\Program Files (x86)\NVIDIA Corporation\PhysX\Common;C:\Windows\system32;C:\Windows;C:\Windows\System32\Wbem;C:\Windows\System32\WindowsPowerShell\v1.0\;C:\Windows\System32\OpenSSH\;C:\Program Files\NVIDIA Corporation\NVIDIA NvDLISR;C:\Program Files\Inkscape\bin;C:\WINDOWS\system32;C:\WINDOWS;C:\WINDOWS\System32\Wbem;C:\WINDOWS\System32\WindowsPowerShell\v1.0\;C:\WINDOWS\System32\OpenSSH\;C:\Program Files\Git\cmd;C:\Users\ninaw\VLC;C:\Users\ninaw\AppData\Local\Microsoft\WindowsApps;;C:\Users\ninaw\AppData\Local\Programs\Microsoft VS Code\bin;C:\WINDOWS\System32;
USERNAME=ninaw
OS=Windows_NT
PROCESSOR_IDENTIFIER=Intel64 Family 6 Model 158 Stepping 10, GenuineIntel



---------------  S Y S T E M  ---------------

OS: Windows 10 , 64 bit Build 19041 (10.0.19041.1023)
OS uptime: 17 days 22:33 hours

CPU:total 6 (initial active 6) (6 cores per cpu, 1 threads per core) family 6 model 158 stepping 10 microcode 0xb4, cmov, cx8, fxsr, mmx, sse, sse2, sse3, ssse3, sse4.1, sse4.2, popcnt, avx, avx2, aes, clmul, erms, 3dnowpref, lzcnt, tsc, tscinvbit, bmi1, bmi2, adx, fma

Memory: 4k page, system-wide physical 16335M (6511M free)
TotalPageFile size 44880M (AvailPageFile size 145M)
current process WorkingSet (physical memory assigned to process): 10M, peak: 10M
current process commit charge ("private bytes"): 56M, peak: 312M

vm_info: OpenJDK 64-Bit Server VM (11.0.10+9) for windows-amd64 JRE (11.0.10+9), built on Jan 20 2021 06:07:07 by "" with MS VC++ 15.9 (VS2017)

END.
